Assembler report for OV5640_FPGA
Sun Mar  8 11:07:25 2026
Quartus Prime Version 22.1std.0 Build 915 10/25/2022 SC Lite Edition


---------------------
; Table of Contents ;
---------------------
  1. Legal Notice
  2. Assembler Summary
  3. Assembler Settings
  4. Assembler Generated Files
  5. Assembler Device Options: C:/Users/Lopusnya/Documents/FPGA/OV5640/OV5640_FPGA/OV5640_main/output_files/OV5640_FPGA.sof
  6. Assembler Messages



----------------
; Legal Notice ;
----------------
Copyright (C) 2022  Intel Corporation. All rights reserved.
Your use of Intel Corporation's design tools, logic functions 
and other software and tools, and any partner logic 
functions, and any output files from any of the foregoing 
(including device programming or simulation files), and any 
associated documentation or information are expressly subject 
to the terms and conditions of the Intel Program License 
Subscription Agreement, the Intel Quartus Prime License Agreement,
the Intel FPGA IP License Agreement, or other applicable license
agreement, including, without limitation, that your use is for
the sole purpose of programming logic devices manufactured by
Intel and sold by Intel or its authorized distributors.  Please
refer to the applicable agreement for further details, at
https://fpgasoftware.intel.com/eula.



+---------------------------------------------------------------+
; Assembler Summary                                             ;
+-----------------------+---------------------------------------+
; Assembler Status      ; Successful - Sun Mar  8 11:07:25 2026 ;
; Revision Name         ; OV5640_FPGA                           ;
; Top-level Entity Name ; board_specific_top                    ;
; Family                ; Cyclone IV E                          ;
; Device                ; EP4CE6E22C8                           ;
+-----------------------+---------------------------------------+


+----------------------------------+
; Assembler Settings               ;
+--------+---------+---------------+
; Option ; Setting ; Default Value ;
+--------+---------+---------------+


+----------------------------------------------------------------------------------------------+
; Assembler Generated Files                                                                    ;
+----------------------------------------------------------------------------------------------+
; File Name                                                                                    ;
+----------------------------------------------------------------------------------------------+
; C:/Users/Lopusnya/Documents/FPGA/OV5640/OV5640_FPGA/OV5640_main/output_files/OV5640_FPGA.sof ;
+----------------------------------------------------------------------------------------------+


+------------------------------------------------------------------------------------------------------------------------+
; Assembler Device Options: C:/Users/Lopusnya/Documents/FPGA/OV5640/OV5640_FPGA/OV5640_main/output_files/OV5640_FPGA.sof ;
+----------------+-------------------------------------------------------------------------------------------------------+
; Option         ; Setting                                                                                               ;
+----------------+-------------------------------------------------------------------------------------------------------+
; JTAG usercode  ; 0x000CD8FE                                                                                            ;
; Checksum       ; 0x000CD8FE                                                                                            ;
+----------------+-------------------------------------------------------------------------------------------------------+


+--------------------+
; Assembler Messages ;
+--------------------+
Info: *******************************************************************
Info: Running Quartus Prime Assembler
    Info: Version 22.1std.0 Build 915 10/25/2022 SC Lite Edition
    Info: Processing started: Sun Mar  8 11:07:24 2026
Info: Command: quartus_asm --read_settings_files=off --write_settings_files=off OV5640_FPGA -c OV5640_FPGA
Info (115031): Writing out detailed assembly data for power analysis
Info (115030): Assembler is generating device programming files
Info: Quartus Prime Assembler was successful. 0 errors, 0 warnings
    Info: Peak virtual memory: 4707 megabytes
    Info: Processing ended: Sun Mar  8 11:07:25 2026
    Info: Elapsed time: 00:00:01
    Info: Total CPU time (on all processors): 00:00:00


